<?xml version="1.0" encoding="UTF-8"?>
<testsuite name="InvoiceGeneratorTest" tests="1" skipped="0" failures="0" errors="0" timestamp="2022-02-13T16:50:52" hostname="DESKTOP-7O2OJUS" time="0.051">
  <properties/>
  <testcase name="givenDistanceAndTime_ShouldReturnTotalFare()" classname="InvoiceGeneratorTest" time="0.051"/>
  <system-out><![CDATA[]]></system-out>
  <system-err><![CDATA[]]></system-err>
</testsuite>
